<!-- com.ibm.etools.logging.util log file -->
<NODE logging.util.node_id="NODE.localhost" logging.util.hostname="localhost" logging.util.ipaddress="127.0.0.1" logging.util.timezone="480" logging.util.time="1176742174.765"/>
<PROCESS_CREATE logging.util.process_id="PROCESS_CREATE.eclipse.1176742174.765" logging.util.pid="1097941361" logging.util.node_idref="NODE.localhost" logging.util.time="1176742174.765" logging.util.process_environment="unknown" logging.util.process_application_execution=""/>
<AGENT_CREATE logging.util.agent_id="AGENT_CREATE.com.ibm.etools.logging.util.1176742174.421" logging.util.agent_version="1.000" logging.util.process_idref="PROCESS_CREATE.eclipse.1176742174.765" logging.util.agent_name="com.ibm.etools.logging.util" logging.util.agent_type="Logging" logging.util.agent_parameters="" logging.util.time="1176742174.421"/>
<BuildInfo logging.util.id="com.ibm.etools.logging.util.BuildInfo_11767421745780000" logging.util.agent_idref="com.ibm.etools.logging.util" logging.util.MsgLoggerLevel="CONFIG" WSABuildLevel="20040506_1735-WB213-AD-V512D-W5">
 <Class Instance_Name="Class" logging.util.id="java.lang.Class_11767421746090000" Name="com.ibm.etools.logging.util.BuildInfo" Type="class" Package="com.ibm.etools.logging.util" Modifers="public" Superclass="java.lang.Object"/>
</BuildInfo>
<AGENT_CREATE logging.util.agent_id="AGENT_CREATE.com.ibm.etools.validation.1176742176.828" logging.util.agent_version="1.000" logging.util.process_idref="PROCESS_CREATE.eclipse.1176742174.765" logging.util.agent_name="com.ibm.etools.validation" logging.util.agent_type="Logging" logging.util.agent_parameters="" logging.util.time="1176742176.828"/>
<BuildInfo logging.util.id="com.ibm.etools.validate.plugin.BuildInfo_11767421768280000" logging.util.agent_idref="com.ibm.etools.validation" logging.util.MsgLoggerLevel="CONFIG" WSABuildLevel="20040506_1735-WB213-AD-V512D-W5">
 <Class Instance_Name="Class" logging.util.id="java.lang.Class_11767421768280001" Name="com.ibm.etools.validate.plugin.BuildInfo" Type="class" Package="com.ibm.etools.validate.plugin" Modifers="public" Superclass="java.lang.Object"/>
</BuildInfo>
<BuildInfo logging.util.id="com.ibm.etools.validate.mof.plugin.BuildInfo_11767421768430000" logging.util.agent_idref="com.ibm.etools.validation" logging.util.MsgLoggerLevel="CONFIG" WSABuildLevel="20040506_1735-WB213-AD-V512D-W5">
 <Class Instance_Name="Class" logging.util.id="java.lang.Class_11767421768430001" Name="com.ibm.etools.validate.mof.plugin.BuildInfo" Type="class" Package="com.ibm.etools.validate.mof.plugin" Modifers="public" Superclass="java.lang.Object"/>
</BuildInfo>
<AGENT_CREATE logging.util.agent_id="AGENT_CREATE.com.ibm.sed.model.1176742176.875" logging.util.agent_version="1.000" logging.util.process_idref="PROCESS_CREATE.eclipse.1176742174.765" logging.util.agent_name="com.ibm.sed.model" logging.util.agent_type="Logging" logging.util.agent_parameters="" logging.util.time="1176742176.875"/>
<BuildInfo logging.util.id="com.ibm.sed.model.BuildInfo_11767421768900000" logging.util.agent_idref="com.ibm.sed.model" logging.util.MsgLoggerLevel="CONFIG" WSABuildLevel="20040506_1735-WB213-AD-V512D-W5">
 <Class Instance_Name="Class" logging.util.id="java.lang.Class_11767421768900001" Name="com.ibm.sed.model.BuildInfo" Type="class" Package="com.ibm.sed.model" Modifers="public" Superclass="java.lang.Object"/>
</BuildInfo>
<AGENT_CREATE logging.util.agent_id="AGENT_CREATE.com.ibm.etools.webtools.1176742187.14" logging.util.agent_version="1.000" logging.util.process_idref="PROCESS_CREATE.eclipse.1176742174.765" logging.util.agent_name="com.ibm.etools.webtools" logging.util.agent_type="Logging" logging.util.agent_parameters="" logging.util.time="1176742187.14"/>
<BuildInfo logging.util.id="com.ibm.etools.logging.util.BuildInfo_11767421871400000" logging.util.agent_idref="com.ibm.etools.webtools" logging.util.MsgLoggerLevel="CONFIG" WSABuildLevel="20040506_1735-WB213-AD-V512D-W5">
 <Class Instance_Name="Class" logging.util.id="java.lang.Class_11767421871400001" Name="com.ibm.etools.logging.util.BuildInfo" Type="class" Package="com.ibm.etools.logging.util" Modifers="public" Superclass="java.lang.Object"/>
</BuildInfo>
<String logging.util.agent_idref="com.ibm.etools.webtools" logging.util.MsgLoggerLevel="CONFIG" Value="20040506_1735-WB213-AD-V512D-W5"/>
<AGENT_CREATE logging.util.agent_id="AGENT_CREATE.Default Logging Agent.1176742187.89" logging.util.agent_version="1.000" logging.util.process_idref="PROCESS_CREATE.eclipse.1176742174.765" logging.util.agent_name="Default Logging Agent" logging.util.agent_type="Logging" logging.util.agent_parameters="" logging.util.time="1176742187.89"/>
<BuildInfo logging.util.id="com.ibm.sed.preferences.BuildInfo_11767421878900000" logging.util.agent_idref="Default Logging Agent" logging.util.MsgLoggerLevel="CONFIG" WSABuildLevel="20040506_1735-WB213-AD-V512D-W5">
 <Class Instance_Name="Class" logging.util.id="java.lang.Class_11767421878900001" Name="com.ibm.sed.preferences.BuildInfo" Type="class" Package="com.ibm.sed.preferences" Modifers="public" Superclass="java.lang.Object"/>
</BuildInfo>
<AGENT_CREATE logging.util.agent_id="AGENT_CREATE.com.ibm.etools.struts.1176742189.031" logging.util.agent_version="1.000" logging.util.process_idref="PROCESS_CREATE.eclipse.1176742174.765" logging.util.agent_name="com.ibm.etools.struts" logging.util.agent_type="Logging" logging.util.agent_parameters="" logging.util.time="1176742189.031"/>
<BuildInfo logging.util.id="com.ibm.etools.struts.BuildInfo_11767421890310000" logging.util.agent_idref="com.ibm.etools.struts" logging.util.MsgLoggerLevel="CONFIG" WSABuildLevel="20040506_1735-WB213-AD-V512D-W5">
 <Class Instance_Name="Class" logging.util.id="java.lang.Class_11767421890310001" Name="com.ibm.etools.struts.BuildInfo" Type="class" Package="com.ibm.etools.struts" Modifers="public" Superclass="java.lang.Object"/>
</BuildInfo>
<AGENT_CREATE logging.util.agent_id="AGENT_CREATE.com.ibm.sed.editor.1176742241.921" logging.util.agent_version="1.000" logging.util.process_idref="PROCESS_CREATE.eclipse.1176742174.765" logging.util.agent_name="com.ibm.sed.editor" logging.util.agent_type="Logging" logging.util.agent_parameters="" logging.util.time="1176742241.921"/>
<BuildInfo logging.util.id="com.ibm.sed.editor.BuildInfo_11767422419370000" logging.util.agent_idref="com.ibm.sed.editor" logging.util.MsgLoggerLevel="CONFIG" WSABuildLevel="20040506_1735-WB213-AD-V512D-W5">
 <Class Instance_Name="Class" logging.util.id="java.lang.Class_11767422419370001" Name="com.ibm.sed.editor.BuildInfo" Type="class" Package="com.ibm.sed.editor" Modifers="public" Superclass="java.lang.Object"/>
</BuildInfo>
<BuildInfo logging.util.id="com.ibm.etools.index.BuildInfo_11767422429370000" logging.util.agent_idref="Default Logging Agent" logging.util.MsgLoggerLevel="CONFIG" WSABuildLevel="20040506_1735-WB213-AD-V512D-W5">
 <Class Instance_Name="Class" logging.util.id="java.lang.Class_11767422429370001" Name="com.ibm.etools.index.BuildInfo" Type="class" Package="com.ibm.etools.index" Modifers="public" Superclass="java.lang.Object"/>
</BuildInfo>
<BuildInfo logging.util.id="com.ibm.sed.jseditor.BuildInfo_11767422447810000" logging.util.agent_idref="Default Logging Agent" logging.util.MsgLoggerLevel="CONFIG" WSABuildLevel="20040506_1735-WB213-AD-V512D-W5">
 <Class Instance_Name="Class" logging.util.id="java.lang.Class_11767422447810001" Name="com.ibm.sed.jseditor.BuildInfo" Type="class" Package="com.ibm.sed.jseditor" Modifers="public" Superclass="java.lang.Object"/>
</BuildInfo>
<SedStatusInfo logging.util.id="com.ibm.sed.model.SedStatusInfo_11767422587030000" logging.util.agent_idref="com.ibm.sed.editor" logging.util.MsgLoggerLevel="SEVERE" PluginId="com.ibm.sed.editor" Message="Plugin com.ibm.etools.jsf, extension com.ibm.sed.editor.extendedEditorActions&#xA;Unknown extension tag found: separator">
 <Throwable Instance_Name="Exception" Value="null"/>
 <Class Instance_Name="Class" logging.util.id="java.lang.Class_11767422587030001" Name="com.ibm.sed.model.SedStatusInfo" Type="class" Package="com.ibm.sed.model" Modifers="public" Superclass="java.lang.Object"/>
</SedStatusInfo>
<AGENT_CREATE logging.util.agent_id="AGENT_CREATE.com.ibm.etools.websphere.tools.v5.common.1176742314.937" logging.util.agent_version="1.000" logging.util.process_idref="PROCESS_CREATE.eclipse.1176742174.765" logging.util.agent_name="com.ibm.etools.websphere.tools.v5.common" logging.util.agent_type="Logging" logging.util.agent_parameters="" logging.util.time="1176742314.937"/>
<String logging.util.agent_idref="com.ibm.etools.websphere.tools.v5.common" logging.util.MsgLoggerLevel="CONFIG" Value="5.1.1"/>
<AGENT_CREATE logging.util.agent_id="AGENT_CREATE.com.ibm.etools.websphere.tools.common.1176742315.031" logging.util.agent_version="1.000" logging.util.process_idref="PROCESS_CREATE.eclipse.1176742174.765" logging.util.agent_name="com.ibm.etools.websphere.tools.common" logging.util.agent_type="Logging" logging.util.agent_parameters="" logging.util.time="1176742315.031"/>
<String logging.util.agent_idref="com.ibm.etools.websphere.tools.common" logging.util.MsgLoggerLevel="CONFIG" Value="5.1.1.1"/>
<AGENT_CREATE logging.util.agent_id="AGENT_CREATE.com.ibm.etools.rdblib.1176742315.078" logging.util.agent_version="1.000" logging.util.process_idref="PROCESS_CREATE.eclipse.1176742174.765" logging.util.agent_name="com.ibm.etools.rdblib" logging.util.agent_type="Logging" logging.util.agent_parameters="" logging.util.time="1176742315.078"/>
<BuildInfo logging.util.id="com.ibm.etools.rdblib.BuildInfo_11767423150780000" logging.util.agent_idref="com.ibm.etools.rdblib" logging.util.MsgLoggerLevel="CONFIG" WSABuildLevel="20040506_1735-WB213-AD-V512D-W5">
 <Class Instance_Name="Class" logging.util.id="java.lang.Class_11767423150780001" Name="com.ibm.etools.rdblib.BuildInfo" Type="class" Package="com.ibm.etools.rdblib" Modifers="public" Superclass="java.lang.Object"/>
</BuildInfo>
<String logging.util.agent_idref="com.ibm.etools.websphere.tools.common" logging.util.MsgLoggerLevel="WARNING" Value="2 Mon Apr 16 09:51:55 PDT 2007 com.ibm.etools.websphere.tools.WebSpherePlugin.startup(): Cannot set the DB2 driver location java variable."/>
<String logging.util.agent_idref="com.ibm.etools.websphere.tools.v5.common" logging.util.MsgLoggerLevel="WARNING" Value="2 Mon Apr 16 09:51:55 PDT 2007 com.ibm.etools.websphere.tools.v5.common.internal.WebSpherePluginV5Common.startup(): Cannot set the impl factory property jar file java variable."/>
<AGENT_CREATE logging.util.agent_id="AGENT_CREATE.com.ibm.etools.websphere.tools.v51.1176742317" logging.util.agent_version="1.000" logging.util.process_idref="PROCESS_CREATE.eclipse.1176742174.765" logging.util.agent_name="com.ibm.etools.websphere.tools.v51" logging.util.agent_type="Logging" logging.util.agent_parameters="" logging.util.time="1176742317"/>
<String logging.util.agent_idref="com.ibm.etools.websphere.tools.v51" logging.util.MsgLoggerLevel="CONFIG" Value="5.1.1.1"/>
<String logging.util.agent_idref="com.ibm.etools.websphere.tools.v5.common" logging.util.MsgLoggerLevel="WARNING" Value="2 Mon Apr 16 09:51:57 PDT 2007 com.ibm.etools.websphere.tools.v51.WebSpherePluginV51.startup(): Cannot set the impl factory property jar file java variable."/>
<AGENT_CREATE logging.util.agent_id="AGENT_CREATE.com.ibm.etools.pd.security.1176742317.921" logging.util.agent_version="1.000" logging.util.process_idref="PROCESS_CREATE.eclipse.1176742174.765" logging.util.agent_name="com.ibm.etools.pd.security" logging.util.agent_type="Logging" logging.util.agent_parameters="" logging.util.time="1176742317.921"/>
<BuildInfo logging.util.id="com.ibm.etools.pd.security.BuildInfo_11767423179210000" logging.util.agent_idref="com.ibm.etools.pd.security" logging.util.MsgLoggerLevel="CONFIG" WSABuildLevel="20040506_1735-WB213-AD-V512D-W5">
 <Class Instance_Name="Class" logging.util.id="java.lang.Class_11767423179210001" Name="com.ibm.etools.pd.security.BuildInfo" Type="class" Package="com.ibm.etools.pd.security" Modifers="public" Superclass="java.lang.Object"/>
</BuildInfo>
<String logging.util.agent_idref="Default Logging Agent" logging.util.MsgLoggerLevel="CONFIG" Value="5.1.1"/>
<String logging.util.agent_idref="Default Logging Agent" logging.util.MsgLoggerLevel="CONFIG" Value="5.1.1"/>
<AGENT_CREATE logging.util.agent_id="AGENT_CREATE.com.ibm.etools.websphere.tools.v5.1176742328.687" logging.util.agent_version="1.000" logging.util.process_idref="PROCESS_CREATE.eclipse.1176742174.765" logging.util.agent_name="com.ibm.etools.websphere.tools.v5" logging.util.agent_type="Logging" logging.util.agent_parameters="" logging.util.time="1176742328.687"/>
<String logging.util.agent_idref="com.ibm.etools.websphere.tools.v5" logging.util.MsgLoggerLevel="CONFIG" Value="5.1.1.1"/>
<String logging.util.agent_idref="com.ibm.etools.websphere.tools.v5.common" logging.util.MsgLoggerLevel="WARNING" Value="2 Mon Apr 16 09:52:08 PDT 2007 com.ibm.etools.websphere.tools.v5.WebSpherePluginV5.startup(): Cannot set the impl factory property jar file java variable."/>
<AGENT_CREATE logging.util.agent_id="AGENT_CREATE.com.ibm.etools.websphere.tools.v4.1176742330.859" logging.util.agent_version="1.000" logging.util.process_idref="PROCESS_CREATE.eclipse.1176742174.765" logging.util.agent_name="com.ibm.etools.websphere.tools.v4" logging.util.agent_type="Logging" logging.util.agent_parameters="" logging.util.time="1176742330.859"/>
<String logging.util.agent_idref="com.ibm.etools.websphere.tools.v4" logging.util.MsgLoggerLevel="CONFIG" Value="5.1.1"/>
<AGENT_CREATE logging.util.agent_id="AGENT_CREATE.com.ibm.etools.rft.1176742331.656" logging.util.agent_version="1.000" logging.util.process_idref="PROCESS_CREATE.eclipse.1176742174.765" logging.util.agent_name="com.ibm.etools.rft" logging.util.agent_type="Logging" logging.util.agent_parameters="" logging.util.time="1176742331.656"/>
<String logging.util.agent_idref="com.ibm.etools.rft" logging.util.MsgLoggerLevel="CONFIG" Value="5.0.20020126"/>
<String logging.util.agent_idref="com.ibm.etools.rft" logging.util.MsgLoggerLevel="WARNING" Value="2 Mon Apr 16 09:52:11 PDT 2007 com.ibm.etools.rft.ConnectionDataCreationManager.load(): Could not load rft creation cache file since the file is not found."/>
<String logging.util.agent_idref="com.ibm.etools.rft" logging.util.MsgLoggerLevel="WARNING" Value="2 Mon Apr 16 09:52:11 PDT 2007 com.ibm.etools.rft.ConnectionDataCreationManager.load(): Could not load rft creation cache file: java.io.FileNotFoundException: C:\Documents and Settings\Ronald\My Documents\IBM\wsappdev51\hotelreserve\.metadata\.plugins\com.ibm.etools.rft\rftCreation.xml (The system cannot find the file specified.&#xD;&#xA;)"/>
